4/22/2018 3:04:11 AM	This log contains information about the import schema operation into project 'CM.Database' on computer 'VSI-P51-003' by user 'Admin'.
4/22/2018 3:04:11 AM	Import of database schema has started.
4/22/2018 3:04:16 AM	Gathering database options
4/22/2018 3:04:16 AM	Gathering users
4/22/2018 3:04:16 AM	Gathering roles
4/22/2018 3:04:16 AM	Gathering application roles
4/22/2018 3:04:16 AM	Gathering role memberships
4/22/2018 3:04:16 AM	Gathering filegroups
4/22/2018 3:04:16 AM	Gathering full-text catalogs
4/22/2018 3:04:16 AM	Gathering assemblies
4/22/2018 3:04:16 AM	Gathering certificates
4/22/2018 3:04:16 AM	Gathering asymmetric keys
4/22/2018 3:04:16 AM	Gathering symmetric keys
4/22/2018 3:04:16 AM	Gathering encrypted symmetric keys
4/22/2018 3:04:16 AM	Gathering schemas
4/22/2018 3:04:16 AM	Gathering XML schema collections
4/22/2018 3:04:16 AM	Gathering user-defined data types
4/22/2018 3:04:16 AM	Gathering user-defined types
4/22/2018 3:04:16 AM	Gathering table types
4/22/2018 3:04:16 AM	Gathering unique keys for table types
4/22/2018 3:04:16 AM	Gathering primary keys for table types
4/22/2018 3:04:16 AM	Gathering indexes for table types
4/22/2018 3:04:16 AM	Gathering check constraints for table types
4/22/2018 3:04:16 AM	Gathering default constraints for table types
4/22/2018 3:04:16 AM	Gathering partition functions
4/22/2018 3:04:16 AM	Gathering partition schemes
4/22/2018 3:04:16 AM	Gathering functions
4/22/2018 3:04:16 AM	Gathering encrypted functions
4/22/2018 3:04:16 AM	Gathering aggregates
4/22/2018 3:04:16 AM	Gathering procedures
4/22/2018 3:04:16 AM	Gathering encrypted procedures
4/22/2018 3:04:16 AM	Gathering tables
4/22/2018 3:04:16 AM	Gathering primary keys
4/22/2018 3:04:16 AM	Gathering unique constraints
4/22/2018 3:04:16 AM	Gathering foreign keys
4/22/2018 3:04:16 AM	Gathering default constraints
4/22/2018 3:04:16 AM	Gathering check constraints
4/22/2018 3:04:16 AM	Gathering views
4/22/2018 3:04:16 AM	Gathering encrypted views
4/22/2018 3:04:16 AM	Gathering indexes
4/22/2018 3:04:16 AM	Gathering statistics
4/22/2018 3:04:16 AM	Gathering full-text index stoplists
4/22/2018 3:04:16 AM	Gathering search property lists
4/22/2018 3:04:16 AM	Gathering search properties
4/22/2018 3:04:16 AM	Gathering full-text indexes
4/22/2018 3:04:16 AM	Gathering column store indexes
4/22/2018 3:04:16 AM	Gathering spatial indexes
4/22/2018 3:04:16 AM	Gathering XML indexes
4/22/2018 3:04:16 AM	Gathering Selective XML indexes
4/22/2018 3:04:16 AM	Gathering encrypted triggers
4/22/2018 3:04:16 AM	Gathering triggers
4/22/2018 3:04:16 AM	Gathering encrypted and clr ddl triggers
4/22/2018 3:04:16 AM	Gathering ddl triggers
4/22/2018 3:04:16 AM	Gathering synonyms
4/22/2018 3:04:16 AM	Gathering defaults
4/22/2018 3:04:16 AM	Gathering data constraint uddt bindings
4/22/2018 3:04:16 AM	Gathering rules
4/22/2018 3:04:16 AM	Gathering data constraint uddt bindings
4/22/2018 3:04:16 AM	Gathering message types
4/22/2018 3:04:16 AM	Gathering queues
4/22/2018 3:04:16 AM	Gathering contracts
4/22/2018 3:04:16 AM	Gathering services
4/22/2018 3:04:16 AM	Gathering event notifications
4/22/2018 3:04:16 AM	Gathering remote service bindings
4/22/2018 3:04:16 AM	Gathering broker priorities
4/22/2018 3:04:16 AM	Gathering signatures
4/22/2018 3:04:16 AM	Gathering data compression options
4/22/2018 3:04:16 AM	Gathering sequence types
4/22/2018 3:04:16 AM	Gathering extended properties
4/22/2018 3:04:16 AM	Gathering credentials
4/22/2018 3:04:16 AM	Gathering logins
4/22/2018 3:04:16 AM	Gathering server audits
4/22/2018 3:04:16 AM	Scanning project for duplicate elements
4/22/2018 3:04:16 AM	Finished duplicate element processing
4/22/2018 3:04:16 AM	Finished importing database.
4/22/2018 3:04:16 AM	A summary of the import was saved to the following location: C:\Source\Repository\sabiddin\CMRepository\CM\CM.Database\Import Schema Logs\CM.Database_20180422070411.log
4/22/2018 3:04:16 AM	Click Finish to continue...
